

<!DOCTYPE html>
<html>
<head>
<meta charset="utf-8">
<meta name="viewport" content="width=device-width, initial-scale=1, shrink-to-fit=no">
<title>Extent</title>
<link rel="apple-touch-icon" href="https://cdn.jsdelivr.net/gh/extent-framework/extent-github-cdn@b00a2d0486596e73dd7326beacf352c639623a0e/commons/img/logo.png">
<link rel="shortcut icon" href="https://cdn.jsdelivr.net/gh/extent-framework/extent-github-cdn@b00a2d0486596e73dd7326beacf352c639623a0e/commons/img/logo.png">
<link href="https://cdn.jsdelivr.net/gh/extent-framework/extent-github-cdn@c952cc003431b643d7a73337421ff42b75bac784/spark/css/spark-style.css" rel="stylesheet" />
<link href="https://stackpath.bootstrapcdn.com/font-awesome/4.7.0/css/font-awesome.min.css" rel="stylesheet">
<script src="https://cdn.rawgit.com/extent-framework/extent-github-cdn/7cc78ce/spark/js/jsontree.js"></script>
<style type="text/css"></style></head><body class="spa bdd-report standard">
  <div class="app">
    <div class="layout">
<div class="header navbar">
<div class="vheader">
<div class="nav-logo">
<a href="#">
<div class="logo" style="background-image: url('https://cdn.jsdelivr.net/gh/extent-framework/extent-github-cdn@b00a2d0486596e73dd7326beacf352c639623a0e/commons/img/logo.png')"></div>
</a>
</div>
<ul class="nav-left">
<li class="search-box">
<a class="search-toggle" href="#">
<i class="search-icon fa fa-search"></i>
<i class="search-icon-close fa fa-close"></i>
</a>
</li>
<li class="search-input"><input id="search-tests" class="form-control" type="text" placeholder="Search..."></li>
</ul>
<ul class="nav-right">
<li class="m-r-10">
<a href="#"><span class="badge badge-primary">Extent Report</span></a>
</li>
<li class="m-r-10">
<a href="#"><span class="badge badge-primary">Jul 26, 2021 08:42:48 pm</span></a>
</li>
</ul>
</div>
</div><div class="side-nav">
<div class="side-nav-inner">
<ul class="side-nav-menu">
<li class="nav-item dropdown" onclick="toggleView('dashboard-view')">
<a id="nav-dashboard" class="dropdown-toggle" href="#">
<span class="ico"><i class="fa fa-bar-chart"></i></span>
</a>
</li>
<li class="nav-item dropdown" onclick="toggleView('test-view')">
<a id="nav-test" class="dropdown-toggle" href="#">
<span class="ico"><i class="fa fa-list"></i></span>
</a>
</li>
<li class="nav-item dropdown" onclick="toggleView('category-view')">
<a id="nav-category" class="dropdown-toggle" href="#">
<span class="ico"><i class="fa fa-tag"></i></span>
</a>
</li>
<li class="nav-item dropdown" onclick="toggleView('exception-view')">
<a id="nav-exception" class="dropdown-toggle" href="#">
<span class="ico"><i class="fa fa-bug"></i></span>
</a>
</li>
</ul>
</div>
</div>      <div class="vcontainer">
        <div class="main-content">
<div class="container-fluid p-4 view dashboard-view">
<div class="row">
<div class="col-md-3">
<div class="card"><div class="card-body">
<p class="m-b-0">Started</p>
<h3>Jul 26, 2021 08:42:48 pm</h3>
</div></div>
</div>
<div class="col-md-3">
<div class="card"><div class="card-body">
<p class="m-b-0">Ended</p>
<h3>Jul 26, 2021 08:42:59 pm</h3>
</div></div>
</div>
<div class="col-md-3">
<div class="card"><div class="card-body">
<p class="m-b-0 text-pass">Features Passed</p>
<h3>0</h3>
</div></div>
</div>
<div class="col-md-3">
<div class="card"><div class="card-body">
<p class="m-b-0 text-fail">Features Failed</p>
<h3>3</h3>
</div></div>
</div>
</div>
<div class="row">
<div class="col-md-4">
<div class="card">
<div class="card-header">
<h6 class="card-title">Features</h6>
</div>
<div class="card-body">
<div class="">
<canvas id='parent-analysis' width='115' height='90'></canvas>
</div>
</div>
<div class="card-footer">
<div><small data-tooltip='0%'>
<b>0</b> features passed
</small>
</div>
<div>
<small data-tooltip='100%'><b>3</b> features failed,
<b>0</b> skipped, <b data-tooltip='0%'>0</b> others
</small>
</div>
</div>
</div>
</div>
<div class="col-md-4">
<div class="card">
<div class="card-header">
<h6 class="card-title">Scenarios</h6>
</div>
<div class="card-body">
<div class="">
<canvas id='child-analysis' width='115' height='90'></canvas>
</div>
</div>
<div class="card-footer">
<div><small data-tooltip='0%'><b>0</b> scenarios passed</small></div>
<div>
<small data-tooltip='100%'><b>4</b> scenarios failed,
<b>0</b> skipped, <b data-tooltip='%'>0</b> others
</small>
</div>
</div>
</div>
</div>
<div class="col-md-4">
<div class="card">
<div class="card-header">
<h6 class="card-title">Steps</h6>
</div>
<div class="card-body">
<div class="">
<canvas id='grandchild-analysis' width='115' height='90'></canvas>
</div>
</div>
<div class="card-footer">
<div><small data-tooltip='0%'><b>0</b> steps passed</small></div>
<div>
<small data-tooltip='48%'><b>12</b> steps failed,
<b>13</b> skipped, <b data-tooltip='%'>0</b> others
</small>
</div>
</div>
</div>
</div>
</div>
<div class="row"><div class="col-md-12">
<div class="card"><div class="card-header"><p>Timeline</p></div>
<div class="card-body pt-0"><div>
<canvas id="timeline" height="120"></canvas>
</div></div>
</div>
</div></div>
<script>
var timeline = {
"sighIn amazon Account":3.528,"cart scenario":1.878,"search feature":4.206
};
</script>
<div class="row">
<div class="col-lg-6 col-md-12 category-container">
<div class="card">
<div class="card-header"><p>Tags</p></div>
<div class="card-body pb-0 pt-0"><table class="table table-sm table-bordered">
<thead><tr class="bg-gray"><th>Name</th><th>Passed</th><th>Failed</th><th>Skipped</th><th>Others</th><th>Passed %</th></tr></thead><tbody>
<tr>
<td>@search</td>
<td>0</td>
<td>2</td>
<td>0</td>
<td>0</td>
<td>0%</td>
</tr>
<tr>
<td>@sighIn</td>
<td>0</td>
<td>1</td>
<td>0</td>
<td>0</td>
<td>0%</td>
</tr>
<tr>
<td>@search2</td>
<td>0</td>
<td>1</td>
<td>0</td>
<td>0</td>
<td>0%</td>
</tr>
<tr>
<td>@e2e</td>
<td>0</td>
<td>1</td>
<td>0</td>
<td>0</td>
<td>0%</td>
</tr>
</tbody>
</table></div>
</div>
</div>
<div class="col-lg-6 col-md-12 sysenv-container">
<div class="card">
<div class="card-header"><p>System/Environment</p></div>
<div class="card-body pb-0 pt-0"><table class="table table-sm table-bordered">
<thead><tr class="bg-gray"><th>Name</th><th>Value</th></tr></thead>
<tbody>
<tr>
<td>version</td>
<td>10</td>
</tr>
<tr>
<td>os</td>
<td>Windows</td>
</tr>
</tbody>
</table></div>
</div>
</div>
</div>
</div>
<script>
var statusGroup = {
parentCount: 5,
passParent: 0,
failParent: 3,
warningParent: 0,
skipParent: 0,
childCount: 5,
passChild: 0,
failChild: 4,
warningChild: 0,
skipChild: 0,
infoChild: 0,
grandChildCount: 5,
passGrandChild: 0,
failGrandChild: 12,
warningGrandChild: 0,
skipGrandChild: 13,
infoGrandChild: 0,
eventsCount: 5,
};
</script><div class="test-wrapper row view test-view">
  <div class="test-list">
    <div class="test-list-tools">
<ul class="tools pull-left">
<li><a href="#"><span class="font-size-14">Tests</span></a></li>
</ul>
<ul class="tools text-right">
<li class="dropdown">
<a href="#" class="dropdown-toggle" data-toggle="dropdown"><i class="fa fa-exclamation-circle"></i></a>
<ul id="status-toggle" class="dropdown-menu dropdown-md p-v-0">
<a class="dropdown-item" status="fail" href="#"><span>Fail</span><span class="status danger"></span></a>
<div class="dropdown-divider"></div>
<a status="clear" class="dropdown-item" href="#"><span>Clear</span><span class="pull-right"><i class="fa fa-close"></i></span></a>
</ul>
</li>
<li class="dropdown">
<a href="#" class="dropdown-toggle" data-toggle="dropdown"><i class="fa fa-tag"></i></a>
<ul id="tag-toggle" class="dropdown-menu dropdown-md p-v-0">
<a class="dropdown-item" href="#">@search</a><a class="dropdown-item" href="#">@sighIn</a><a class="dropdown-item" href="#">@search2</a><a class="dropdown-item" href="#">@e2e</a>
</ul>
</li>
</ul>
</div>    <div class="test-list-wrapper scrollable">
      <ul class="test-list-item">
        <li class="test-item"  status="fail" test-id="1"
          author=""
          tag=""
          device="">
          <div class="test-detail">
            <p class="name">sighIn amazon Account</p>
            <p class="text-sm">
              <span>20:42:50 pm</span> / <span>00:00:03:528</span>
              <span class="badge fail-bg log float-right">Fail</span>
            </p>
          </div>
          <div class="test-contents d-none">
<div class="detail-head">
<div class="p-v-10">
<div class="info">
<h5 class="test-status text-fail">sighIn amazon Account</h5>
<span class='badge badge-success'>07.26.2021 20:42:50</span>
<span class='badge badge-danger'>07.26.2021 20:42:53</span>
<span class='badge badge-default'>00:00:03:528</span>
&middot; <span class='uri-anchor badge badge-default'>#test-id=1</span>
</div>
<div class="m-t-10 m-l-5"></div>
</div>
</div>
<div class="accordion mt-4">
  <div class="card">
    <div class="card-header" role="tab">
      <div class="card-title">
        <div class="node" id="2"><span class="badge log fail-bg mr-2">Fail</span>sigh in using correct UserId and Password</div>
      </div>
    </div>
        <div class="">
          <div class="card-body">
              <div class="step fail-bg" title="BEFORE">
                <span>stepDefs.Hooks.setUp(io.cucumber.java.Scenario)</span>
      <div>
        <textarea disabled class="code-block">org.openqa.selenium.SessionNotCreatedException: session not created: This version of ChromeDriver only supports Chrome version 90
Current browser version is 92.0.4515.107 with binary path C:\Program Files (x86)\Google\Chrome\Application\chrome.exe
Build info: version: '3.141.59', revision: 'e82be7d358', time: '2018-11-14T08:17:03'
System info: host: 'LAPTOP-PCC02LFP', ip: '192.168.43.137', os.name: 'Windows 10', os.arch: 'amd64', os.version: '10.0', java.version: '15.0.2'
Driver info: driver.version: ChromeDriver
remote stacktrace: Backtrace:
	Ordinal0 [0x0035C013+2474003]
	Ordinal0 [0x002F29C1+2042305]
	Ordinal0 [0x00202F68+1060712]
	Ordinal0 [0x0022188E+1185934]
	Ordinal0 [0x0021D600+1168896]
	Ordinal0 [0x0021AA83+1157763]
	Ordinal0 [0x0024A2A2+1352354]
	Ordinal0 [0x00248FAA+1347498]
	Ordinal0 [0x002466DB+1337051]
	Ordinal0 [0x00223427+1192999]
	Ordinal0 [0x002242EE+1196782]
	Ordinal0 [0x00224279+1196665]
	GetHandleVerifier [0x004E96FC+1590332]
	GetHandleVerifier [0x00598614+2306900]
	GetHandleVerifier [0x003E9E93+543699]
	GetHandleVerifier [0x003E92CE+540686]
	Ordinal0 [0x002F86BA+2066106]
	Ordinal0 [0x002FD1C8+2085320]
	Ordinal0 [0x002FD308+2085640]
	Ordinal0 [0x003067F3+2123763]
	BaseThreadInitThunk [0x74C96359+25]
	RtlGetAppContainerNamedObjectPath [0x771D7C24+228]
	RtlGetAppContainerNamedObjectPath [0x771D7BF4+180]

	at java.base/jdk.internal.reflect.NativeConstructorAccessorImpl.newInstance0(Native Method)
	at java.base/jdk.internal.reflect.NativeConstructorAccessorImpl.newInstance(NativeConstructorAccessorImpl.java:64)
	at java.base/jdk.internal.reflect.DelegatingConstructorAccessorImpl.newInstance(DelegatingConstructorAccessorImpl.java:45)
	at java.base/java.lang.reflect.Constructor.newInstanceWithCaller(Constructor.java:500)
	at java.base/java.lang.reflect.Constructor.newInstance(Constructor.java:481)
	at org.openqa.selenium.remote.W3CHandshakeResponse.lambda$errorHandler$0(W3CHandshakeResponse.java:62)
	at org.openqa.selenium.remote.HandshakeResponse.lambda$getResponseFunction$0(HandshakeResponse.java:30)
	at org.openqa.selenium.remote.ProtocolHandshake.lambda$createSession$0(ProtocolHandshake.java:126)
	at java.base/java.util.stream.ReferencePipeline$3$1.accept(ReferencePipeline.java:195)
	at java.base/java.util.Spliterators$ArraySpliterator.tryAdvance(Spliterators.java:958)
	at java.base/java.util.stream.ReferencePipeline.forEachWithCancel(ReferencePipeline.java:127)
	at java.base/java.util.stream.AbstractPipeline.copyIntoWithCancel(AbstractPipeline.java:502)
	at java.base/java.util.stream.AbstractPipeline.copyInto(AbstractPipeline.java:488)
	at java.base/java.util.stream.AbstractPipeline.wrapAndCopyInto(AbstractPipeline.java:474)
	at java.base/java.util.stream.FindOps$FindOp.evaluateSequential(FindOps.java:150)
	at java.base/java.util.stream.AbstractPipeline.evaluate(AbstractPipeline.java:234)
	at java.base/java.util.stream.ReferencePipeline.findFirst(ReferencePipeline.java:543)
	at org.openqa.selenium.remote.ProtocolHandshake.createSession(ProtocolHandshake.java:128)
	at org.openqa.selenium.remote.ProtocolHandshake.createSession(ProtocolHandshake.java:74)
	at org.openqa.selenium.remote.HttpCommandExecutor.execute(HttpCommandExecutor.java:136)
	at org.openqa.selenium.remote.service.DriverCommandExecutor.execute(DriverCommandExecutor.java:83)
	at org.openqa.selenium.remote.RemoteWebDriver.execute(RemoteWebDriver.java:552)
	at org.openqa.selenium.remote.RemoteWebDriver.startSession(RemoteWebDriver.java:213)
	at org.openqa.selenium.remote.RemoteWebDriver.<init>(RemoteWebDriver.java:131)
	at org.openqa.selenium.chrome.ChromeDriver.<init>(ChromeDriver.java:181)
	at org.openqa.selenium.chrome.ChromeDriver.<init>(ChromeDriver.java:168)
	at org.openqa.selenium.chrome.ChromeDriver.<init>(ChromeDriver.java:123)
	at core.WebDriverFactory.getWebDriverForBrowser(WebDriverFactory.java:34)
	at core.TestContext.initializeWebDriver(TestContext.java:25)
	at stepDefs.Hooks.setUp(Hooks.java:32)
</textarea>
      
      </div>
              </div>
              <div class="step skip-bg" title="stepDefs.StepDefs1.user_navigate_to_url()">
                <span>Given user Navigate to Url</span>
      <div>Step skipped
      </div>
              </div>
              <div class="step skip-bg" title="stepDefs.StepDefs1.user_enter_user_id(java.lang.String)">
                <span>When User Enter UserId "rainitin3@gmail.com"</span>
      <div>Step skipped
      </div>
              </div>
              <div class="step skip-bg" title="stepDefs.StepDefs1.user_should_be_able_to_enter_password(java.lang.String)">
                <span>Then user should be able to enter password "nitin@123"</span>
      <div>Step skipped
      </div>
              </div>
              <div class="step fail-bg" title="AFTER">
                <span>stepDefs.Hooks.takeScreenShot(io.cucumber.java.Scenario)</span>
      <div>
        <textarea disabled class="code-block">java.lang.NullPointerException: Cannot invoke "org.openqa.selenium.TakesScreenshot.getScreenshotAs(org.openqa.selenium.OutputType)" because "scrnShot" is null
	at stepDefs.Hooks.takeScreenShot(Hooks.java:50)
</textarea>
      
      </div>
              </div>
              <div class="step fail-bg" title="AFTER">
                <span>stepDefs.Hooks.cleanUp(io.cucumber.java.Scenario)</span>
      <div>
        <textarea disabled class="code-block">java.lang.NullPointerException: Cannot invoke "org.openqa.selenium.WebDriver.quit()" because "this.driver" is null
	at core.TestContext.quitDriver(TestContext.java:30)
	at stepDefs.Hooks.cleanUp(Hooks.java:41)
</textarea>
      
      </div>
              </div>
          </div>
        </div>
  </div>
</div>
          </div>
        </li>
        <li class="test-item"  status="fail" test-id="9"
          author=""
          tag=""
          device="">
          <div class="test-detail">
            <p class="name">cart scenario</p>
            <p class="text-sm">
              <span>20:42:53 pm</span> / <span>00:00:01:878</span>
              <span class="badge fail-bg log float-right">Fail</span>
            </p>
          </div>
          <div class="test-contents d-none">
<div class="detail-head">
<div class="p-v-10">
<div class="info">
<h5 class="test-status text-fail">cart scenario</h5>
<span class='badge badge-success'>07.26.2021 20:42:53</span>
<span class='badge badge-danger'>07.26.2021 20:42:55</span>
<span class='badge badge-default'>00:00:01:878</span>
&middot; <span class='uri-anchor badge badge-default'>#test-id=9</span>
</div>
<div class="m-t-10 m-l-5"></div>
</div>
</div>
<div class="accordion mt-4">
  <div class="card">
    <div class="card-header" role="tab">
      <div class="card-title">
        <div class="node" id="10"><span class="badge log fail-bg mr-2">Fail</span>User is able to order single product with single quantity from the app</div>
      </div>
    </div>
        <div class="">
          <div class="card-body">
              <div class="step fail-bg" title="BEFORE">
                <span>stepDefs.Hooks.setUp(io.cucumber.java.Scenario)</span>
      <div>
        <textarea disabled class="code-block">org.openqa.selenium.SessionNotCreatedException: session not created: This version of ChromeDriver only supports Chrome version 90
Current browser version is 92.0.4515.107 with binary path C:\Program Files (x86)\Google\Chrome\Application\chrome.exe
Build info: version: '3.141.59', revision: 'e82be7d358', time: '2018-11-14T08:17:03'
System info: host: 'LAPTOP-PCC02LFP', ip: '192.168.43.137', os.name: 'Windows 10', os.arch: 'amd64', os.version: '10.0', java.version: '15.0.2'
Driver info: driver.version: ChromeDriver
remote stacktrace: Backtrace:
	Ordinal0 [0x0035C013+2474003]
	Ordinal0 [0x002F29C1+2042305]
	Ordinal0 [0x00202F68+1060712]
	Ordinal0 [0x0022188E+1185934]
	Ordinal0 [0x0021D600+1168896]
	Ordinal0 [0x0021AA83+1157763]
	Ordinal0 [0x0024A2A2+1352354]
	Ordinal0 [0x00248FAA+1347498]
	Ordinal0 [0x002466DB+1337051]
	Ordinal0 [0x00223427+1192999]
	Ordinal0 [0x002242EE+1196782]
	Ordinal0 [0x00224279+1196665]
	GetHandleVerifier [0x004E96FC+1590332]
	GetHandleVerifier [0x00598614+2306900]
	GetHandleVerifier [0x003E9E93+543699]
	GetHandleVerifier [0x003E92CE+540686]
	Ordinal0 [0x002F86BA+2066106]
	Ordinal0 [0x002FD1C8+2085320]
	Ordinal0 [0x002FD308+2085640]
	Ordinal0 [0x003067F3+2123763]
	BaseThreadInitThunk [0x74C96359+25]
	RtlGetAppContainerNamedObjectPath [0x771D7C24+228]
	RtlGetAppContainerNamedObjectPath [0x771D7BF4+180]

	at java.base/jdk.internal.reflect.NativeConstructorAccessorImpl.newInstance0(Native Method)
	at java.base/jdk.internal.reflect.NativeConstructorAccessorImpl.newInstance(NativeConstructorAccessorImpl.java:64)
	at java.base/jdk.internal.reflect.DelegatingConstructorAccessorImpl.newInstance(DelegatingConstructorAccessorImpl.java:45)
	at java.base/java.lang.reflect.Constructor.newInstanceWithCaller(Constructor.java:500)
	at java.base/java.lang.reflect.Constructor.newInstance(Constructor.java:481)
	at org.openqa.selenium.remote.W3CHandshakeResponse.lambda$errorHandler$0(W3CHandshakeResponse.java:62)
	at org.openqa.selenium.remote.HandshakeResponse.lambda$getResponseFunction$0(HandshakeResponse.java:30)
	at org.openqa.selenium.remote.ProtocolHandshake.lambda$createSession$0(ProtocolHandshake.java:126)
	at java.base/java.util.stream.ReferencePipeline$3$1.accept(ReferencePipeline.java:195)
	at java.base/java.util.Spliterators$ArraySpliterator.tryAdvance(Spliterators.java:958)
	at java.base/java.util.stream.ReferencePipeline.forEachWithCancel(ReferencePipeline.java:127)
	at java.base/java.util.stream.AbstractPipeline.copyIntoWithCancel(AbstractPipeline.java:502)
	at java.base/java.util.stream.AbstractPipeline.copyInto(AbstractPipeline.java:488)
	at java.base/java.util.stream.AbstractPipeline.wrapAndCopyInto(AbstractPipeline.java:474)
	at java.base/java.util.stream.FindOps$FindOp.evaluateSequential(FindOps.java:150)
	at java.base/java.util.stream.AbstractPipeline.evaluate(AbstractPipeline.java:234)
	at java.base/java.util.stream.ReferencePipeline.findFirst(ReferencePipeline.java:543)
	at org.openqa.selenium.remote.ProtocolHandshake.createSession(ProtocolHandshake.java:128)
	at org.openqa.selenium.remote.ProtocolHandshake.createSession(ProtocolHandshake.java:74)
	at org.openqa.selenium.remote.HttpCommandExecutor.execute(HttpCommandExecutor.java:136)
	at org.openqa.selenium.remote.service.DriverCommandExecutor.execute(DriverCommandExecutor.java:83)
	at org.openqa.selenium.remote.RemoteWebDriver.execute(RemoteWebDriver.java:552)
	at org.openqa.selenium.remote.RemoteWebDriver.startSession(RemoteWebDriver.java:213)
	at org.openqa.selenium.remote.RemoteWebDriver.<init>(RemoteWebDriver.java:131)
	at org.openqa.selenium.chrome.ChromeDriver.<init>(ChromeDriver.java:181)
	at org.openqa.selenium.chrome.ChromeDriver.<init>(ChromeDriver.java:168)
	at org.openqa.selenium.chrome.ChromeDriver.<init>(ChromeDriver.java:123)
	at core.WebDriverFactory.getWebDriverForBrowser(WebDriverFactory.java:34)
	at core.TestContext.initializeWebDriver(TestContext.java:25)
	at stepDefs.Hooks.setUp(Hooks.java:32)
</textarea>
      
      </div>
              </div>
              <div class="step skip-bg" title="stepDefs.CartStepDefs.user_search_product(java.lang.String)">
                <span>Given user search product "Nokia 3.4 Dusk, 4GB RAM, 64GB Storage"</span>
      <div>Step skipped
      </div>
              </div>
              <div class="step skip-bg" title="stepDefs.CartStepDefs.user_add_the_product_in_the_cart_with_quantity(java.lang.Integer)">
                <span>When user add the product in the cart with quantity 1</span>
      <div>Step skipped
      </div>
              </div>
              <div class="step skip-bg" title="stepDefs.CartStepDefs.product_should_be_in_the_cart()">
                <span>Then Product should be in the Cart</span>
      <div>Step skipped
      </div>
              </div>
              <div class="step fail-bg" title="AFTER">
                <span>stepDefs.Hooks.takeScreenShot(io.cucumber.java.Scenario)</span>
      <div>
        <textarea disabled class="code-block">java.lang.NullPointerException: Cannot invoke "org.openqa.selenium.TakesScreenshot.getScreenshotAs(org.openqa.selenium.OutputType)" because "scrnShot" is null
	at stepDefs.Hooks.takeScreenShot(Hooks.java:50)
</textarea>
      
      </div>
              </div>
              <div class="step fail-bg" title="AFTER">
                <span>stepDefs.Hooks.cleanUp(io.cucumber.java.Scenario)</span>
      <div>
        <textarea disabled class="code-block">java.lang.NullPointerException: Cannot invoke "org.openqa.selenium.WebDriver.quit()" because "this.driver" is null
	at core.TestContext.quitDriver(TestContext.java:30)
	at stepDefs.Hooks.cleanUp(Hooks.java:41)
</textarea>
      
      </div>
              </div>
          </div>
        </div>
  </div>
</div>
          </div>
        </li>
        <li class="test-item"  status="fail" test-id="17"
          author=""
          tag=""
          device="">
          <div class="test-detail">
            <p class="name">search feature</p>
            <p class="text-sm">
              <span>20:42:55 pm</span> / <span>00:00:04:206</span>
              <span class="badge fail-bg log float-right">Fail</span>
            </p>
          </div>
          <div class="test-contents d-none">
<div class="detail-head">
<div class="p-v-10">
<div class="info">
<h5 class="test-status text-fail">search feature</h5>
<span class='badge badge-success'>07.26.2021 20:42:55</span>
<span class='badge badge-danger'>07.26.2021 20:42:59</span>
<span class='badge badge-default'>00:00:04:206</span>
&middot; <span class='uri-anchor badge badge-default'>#test-id=17</span>
</div>
<div class="m-t-10 m-l-5"></div>
</div>
</div>
<div class="accordion mt-4">
  <div class="card">
    <div class="card-header" role="tab">
      <div class="card-title">
        <div class="node" id="18"><span class="badge log fail-bg mr-2">Fail</span>user is able to open the browser, Navigate to the URL and search for product</div>
      </div>
    </div>
        <div class="">
          <div class="card-body">
              <div class="step fail-bg" title="BEFORE">
                <span>stepDefs.Hooks.setUp(io.cucumber.java.Scenario)</span>
      <div>
        <textarea disabled class="code-block">org.openqa.selenium.SessionNotCreatedException: session not created: This version of ChromeDriver only supports Chrome version 90
Current browser version is 92.0.4515.107 with binary path C:\Program Files (x86)\Google\Chrome\Application\chrome.exe
Build info: version: '3.141.59', revision: 'e82be7d358', time: '2018-11-14T08:17:03'
System info: host: 'LAPTOP-PCC02LFP', ip: '192.168.43.137', os.name: 'Windows 10', os.arch: 'amd64', os.version: '10.0', java.version: '15.0.2'
Driver info: driver.version: ChromeDriver
remote stacktrace: Backtrace:
	Ordinal0 [0x0035C013+2474003]
	Ordinal0 [0x002F29C1+2042305]
	Ordinal0 [0x00202F68+1060712]
	Ordinal0 [0x0022188E+1185934]
	Ordinal0 [0x0021D600+1168896]
	Ordinal0 [0x0021AA83+1157763]
	Ordinal0 [0x0024A2A2+1352354]
	Ordinal0 [0x00248FAA+1347498]
	Ordinal0 [0x002466DB+1337051]
	Ordinal0 [0x00223427+1192999]
	Ordinal0 [0x002242EE+1196782]
	Ordinal0 [0x00224279+1196665]
	GetHandleVerifier [0x004E96FC+1590332]
	GetHandleVerifier [0x00598614+2306900]
	GetHandleVerifier [0x003E9E93+543699]
	GetHandleVerifier [0x003E92CE+540686]
	Ordinal0 [0x002F86BA+2066106]
	Ordinal0 [0x002FD1C8+2085320]
	Ordinal0 [0x002FD308+2085640]
	Ordinal0 [0x003067F3+2123763]
	BaseThreadInitThunk [0x74C96359+25]
	RtlGetAppContainerNamedObjectPath [0x771D7C24+228]
	RtlGetAppContainerNamedObjectPath [0x771D7BF4+180]

	at java.base/jdk.internal.reflect.NativeConstructorAccessorImpl.newInstance0(Native Method)
	at java.base/jdk.internal.reflect.NativeConstructorAccessorImpl.newInstance(NativeConstructorAccessorImpl.java:64)
	at java.base/jdk.internal.reflect.DelegatingConstructorAccessorImpl.newInstance(DelegatingConstructorAccessorImpl.java:45)
	at java.base/java.lang.reflect.Constructor.newInstanceWithCaller(Constructor.java:500)
	at java.base/java.lang.reflect.Constructor.newInstance(Constructor.java:481)
	at org.openqa.selenium.remote.W3CHandshakeResponse.lambda$errorHandler$0(W3CHandshakeResponse.java:62)
	at org.openqa.selenium.remote.HandshakeResponse.lambda$getResponseFunction$0(HandshakeResponse.java:30)
	at org.openqa.selenium.remote.ProtocolHandshake.lambda$createSession$0(ProtocolHandshake.java:126)
	at java.base/java.util.stream.ReferencePipeline$3$1.accept(ReferencePipeline.java:195)
	at java.base/java.util.Spliterators$ArraySpliterator.tryAdvance(Spliterators.java:958)
	at java.base/java.util.stream.ReferencePipeline.forEachWithCancel(ReferencePipeline.java:127)
	at java.base/java.util.stream.AbstractPipeline.copyIntoWithCancel(AbstractPipeline.java:502)
	at java.base/java.util.stream.AbstractPipeline.copyInto(AbstractPipeline.java:488)
	at java.base/java.util.stream.AbstractPipeline.wrapAndCopyInto(AbstractPipeline.java:474)
	at java.base/java.util.stream.FindOps$FindOp.evaluateSequential(FindOps.java:150)
	at java.base/java.util.stream.AbstractPipeline.evaluate(AbstractPipeline.java:234)
	at java.base/java.util.stream.ReferencePipeline.findFirst(ReferencePipeline.java:543)
	at org.openqa.selenium.remote.ProtocolHandshake.createSession(ProtocolHandshake.java:128)
	at org.openqa.selenium.remote.ProtocolHandshake.createSession(ProtocolHandshake.java:74)
	at org.openqa.selenium.remote.HttpCommandExecutor.execute(HttpCommandExecutor.java:136)
	at org.openqa.selenium.remote.service.DriverCommandExecutor.execute(DriverCommandExecutor.java:83)
	at org.openqa.selenium.remote.RemoteWebDriver.execute(RemoteWebDriver.java:552)
	at org.openqa.selenium.remote.RemoteWebDriver.startSession(RemoteWebDriver.java:213)
	at org.openqa.selenium.remote.RemoteWebDriver.<init>(RemoteWebDriver.java:131)
	at org.openqa.selenium.chrome.ChromeDriver.<init>(ChromeDriver.java:181)
	at org.openqa.selenium.chrome.ChromeDriver.<init>(ChromeDriver.java:168)
	at org.openqa.selenium.chrome.ChromeDriver.<init>(ChromeDriver.java:123)
	at core.WebDriverFactory.getWebDriverForBrowser(WebDriverFactory.java:34)
	at core.TestContext.initializeWebDriver(TestContext.java:25)
	at stepDefs.Hooks.setUp(Hooks.java:32)
</textarea>
      
      </div>
              </div>
              <div class="step skip-bg" title="stepDefs.StepDefs1.user_navigated_to_the_home_application_url()">
                <span>Given User navigated to the Home Application URL</span>
      <div>Step skipped
      </div>
              </div>
              <div class="step skip-bg" title="stepDefs.StepDefs1.user_search_for_product(java.lang.String)">
                <span>When User Search For Product "Laptop"</span>
      <div>Step skipped
      </div>
              </div>
              <div class="step skip-bg" title="stepDefs.StepDefs1.search_result_page_dispalyed()">
                <span>Then search Result Page Dispalyed</span>
      <div>Step skipped
      </div>
              </div>
              <div class="step fail-bg" title="AFTER">
                <span>stepDefs.Hooks.takeScreenShot(io.cucumber.java.Scenario)</span>
      <div>
        <textarea disabled class="code-block">java.lang.NullPointerException: Cannot invoke "org.openqa.selenium.TakesScreenshot.getScreenshotAs(org.openqa.selenium.OutputType)" because "scrnShot" is null
	at stepDefs.Hooks.takeScreenShot(Hooks.java:50)
</textarea>
      
      </div>
              </div>
              <div class="step fail-bg" title="AFTER">
                <span>stepDefs.Hooks.cleanUp(io.cucumber.java.Scenario)</span>
      <div>
        <textarea disabled class="code-block">java.lang.NullPointerException: Cannot invoke "org.openqa.selenium.WebDriver.quit()" because "this.driver" is null
	at core.TestContext.quitDriver(TestContext.java:30)
	at stepDefs.Hooks.cleanUp(Hooks.java:41)
</textarea>
      
      </div>
              </div>
          </div>
        </div>
  </div>
  <div class="card">
    <div class="card-header" role="tab">
      <div class="card-title">
        <div class="node" id="25"><span class="badge log fail-bg mr-2">Fail</span>User is able to filter the search based on price</div>
      </div>
    </div>
        <div class="">
          <div class="card-body">
              <div class="step fail-bg" title="BEFORE">
                <span>stepDefs.Hooks.setUp(io.cucumber.java.Scenario)</span>
      <div>
        <textarea disabled class="code-block">org.openqa.selenium.SessionNotCreatedException: session not created: This version of ChromeDriver only supports Chrome version 90
Current browser version is 92.0.4515.107 with binary path C:\Program Files (x86)\Google\Chrome\Application\chrome.exe
Build info: version: '3.141.59', revision: 'e82be7d358', time: '2018-11-14T08:17:03'
System info: host: 'LAPTOP-PCC02LFP', ip: '192.168.43.137', os.name: 'Windows 10', os.arch: 'amd64', os.version: '10.0', java.version: '15.0.2'
Driver info: driver.version: ChromeDriver
remote stacktrace: Backtrace:
	Ordinal0 [0x0035C013+2474003]
	Ordinal0 [0x002F29C1+2042305]
	Ordinal0 [0x00202F68+1060712]
	Ordinal0 [0x0022188E+1185934]
	Ordinal0 [0x0021D600+1168896]
	Ordinal0 [0x0021AA83+1157763]
	Ordinal0 [0x0024A2A2+1352354]
	Ordinal0 [0x00248FAA+1347498]
	Ordinal0 [0x002466DB+1337051]
	Ordinal0 [0x00223427+1192999]
	Ordinal0 [0x002242EE+1196782]
	Ordinal0 [0x00224279+1196665]
	GetHandleVerifier [0x004E96FC+1590332]
	GetHandleVerifier [0x00598614+2306900]
	GetHandleVerifier [0x003E9E93+543699]
	GetHandleVerifier [0x003E92CE+540686]
	Ordinal0 [0x002F86BA+2066106]
	Ordinal0 [0x002FD1C8+2085320]
	Ordinal0 [0x002FD308+2085640]
	Ordinal0 [0x003067F3+2123763]
	BaseThreadInitThunk [0x74C96359+25]
	RtlGetAppContainerNamedObjectPath [0x771D7C24+228]
	RtlGetAppContainerNamedObjectPath [0x771D7BF4+180]

	at java.base/jdk.internal.reflect.NativeConstructorAccessorImpl.newInstance0(Native Method)
	at java.base/jdk.internal.reflect.NativeConstructorAccessorImpl.newInstance(NativeConstructorAccessorImpl.java:64)
	at java.base/jdk.internal.reflect.DelegatingConstructorAccessorImpl.newInstance(DelegatingConstructorAccessorImpl.java:45)
	at java.base/java.lang.reflect.Constructor.newInstanceWithCaller(Constructor.java:500)
	at java.base/java.lang.reflect.Constructor.newInstance(Constructor.java:481)
	at org.openqa.selenium.remote.W3CHandshakeResponse.lambda$errorHandler$0(W3CHandshakeResponse.java:62)
	at org.openqa.selenium.remote.HandshakeResponse.lambda$getResponseFunction$0(HandshakeResponse.java:30)
	at org.openqa.selenium.remote.ProtocolHandshake.lambda$createSession$0(ProtocolHandshake.java:126)
	at java.base/java.util.stream.ReferencePipeline$3$1.accept(ReferencePipeline.java:195)
	at java.base/java.util.Spliterators$ArraySpliterator.tryAdvance(Spliterators.java:958)
	at java.base/java.util.stream.ReferencePipeline.forEachWithCancel(ReferencePipeline.java:127)
	at java.base/java.util.stream.AbstractPipeline.copyIntoWithCancel(AbstractPipeline.java:502)
	at java.base/java.util.stream.AbstractPipeline.copyInto(AbstractPipeline.java:488)
	at java.base/java.util.stream.AbstractPipeline.wrapAndCopyInto(AbstractPipeline.java:474)
	at java.base/java.util.stream.FindOps$FindOp.evaluateSequential(FindOps.java:150)
	at java.base/java.util.stream.AbstractPipeline.evaluate(AbstractPipeline.java:234)
	at java.base/java.util.stream.ReferencePipeline.findFirst(ReferencePipeline.java:543)
	at org.openqa.selenium.remote.ProtocolHandshake.createSession(ProtocolHandshake.java:128)
	at org.openqa.selenium.remote.ProtocolHandshake.createSession(ProtocolHandshake.java:74)
	at org.openqa.selenium.remote.HttpCommandExecutor.execute(HttpCommandExecutor.java:136)
	at org.openqa.selenium.remote.service.DriverCommandExecutor.execute(DriverCommandExecutor.java:83)
	at org.openqa.selenium.remote.RemoteWebDriver.execute(RemoteWebDriver.java:552)
	at org.openqa.selenium.remote.RemoteWebDriver.startSession(RemoteWebDriver.java:213)
	at org.openqa.selenium.remote.RemoteWebDriver.<init>(RemoteWebDriver.java:131)
	at org.openqa.selenium.chrome.ChromeDriver.<init>(ChromeDriver.java:181)
	at org.openqa.selenium.chrome.ChromeDriver.<init>(ChromeDriver.java:168)
	at org.openqa.selenium.chrome.ChromeDriver.<init>(ChromeDriver.java:123)
	at core.WebDriverFactory.getWebDriverForBrowser(WebDriverFactory.java:34)
	at core.TestContext.initializeWebDriver(TestContext.java:25)
	at stepDefs.Hooks.setUp(Hooks.java:32)
</textarea>
      
      </div>
              </div>
              <div class="step skip-bg" title="stepDefs.StepDefs1.user_navigated_to_the_home_application_url()">
                <span>Given User navigated to the Home Application URL</span>
      <div>Step skipped
      </div>
              </div>
              <div class="step skip-bg" title="stepDefs.StepDefs1.user_search_for_a_product_as(java.lang.String)">
                <span>When User search for a Product as "Laptop"</span>
      <div>Step skipped
      </div>
              </div>
              <div class="step skip-bg" title="stepDefs.StepDefs1.user_enters_minimum_as_and_maximum_as_in_the_filter_criteria(java.lang.String,java.lang.String)">
                <span>When User enters minimum as "20000" and maximum as "50000" in the filter criteria</span>
      <div>Step skipped
      </div>
              </div>
              <div class="step skip-bg" title="stepDefs.StepDefs1.user_is_able_to_see_results_with_price_between_and(java.lang.String,java.lang.String)">
                <span>Then User is able to see results with price between "20000" and "50000"</span>
      <div>Step skipped
      </div>
              </div>
              <div class="step fail-bg" title="AFTER">
                <span>stepDefs.Hooks.takeScreenShot(io.cucumber.java.Scenario)</span>
      <div>
        <textarea disabled class="code-block">java.lang.NullPointerException: Cannot invoke "org.openqa.selenium.TakesScreenshot.getScreenshotAs(org.openqa.selenium.OutputType)" because "scrnShot" is null
	at stepDefs.Hooks.takeScreenShot(Hooks.java:50)
</textarea>
      
      </div>
              </div>
              <div class="step fail-bg" title="AFTER">
                <span>stepDefs.Hooks.cleanUp(io.cucumber.java.Scenario)</span>
      <div>
        <textarea disabled class="code-block">java.lang.NullPointerException: Cannot invoke "org.openqa.selenium.WebDriver.quit()" because "this.driver" is null
	at core.TestContext.quitDriver(TestContext.java:30)
	at stepDefs.Hooks.cleanUp(Hooks.java:41)
</textarea>
      
      </div>
              </div>
          </div>
        </div>
  </div>
</div>
          </div>
        </li>
      </ul>
    </div>
  </div>
<div class="test-content scrollable">
<div class="test-content-tools">
<ul><li><a class="back-to-test" href="#"><i class="fa fa-arrow-left"></i></a></li></ul>
</div>
<div class="test-content-detail"><div class="detail-body"></div></div>
</div></div>
<div class="test-wrapper row view category-view attributes-view">
<div class="test-list">
<div class="test-list-tools">
<ul class="tools pull-left"><li><a href=""><span class="font-size-14">Category</span></a></li></ul>
<ul class="tools text-right"><li><a href="#"><span class="badge badge-primary">4</span></a></li></ul>
</div>
<div class="test-list-wrapper scrollable">
<ul class="test-list-item">
<li class="test-item">
<div class="test-detail">
<span class="meta">
<span class='badge log badge-danger'>2</span>
</span>
<p class="name">@search</p>
<p class="duration text-sm">2 tests</p>
</div>
<div class="test-contents d-none">
<div class="info">
<h4>@search</h4>
<span status="fail" class='badge log badge-danger'>2 failed</span>
</div>
<table class='table table-sm mt-4'>
<thead>
<tr>
<th class="status-col">Status</th>
<th class="timestamp-col">Timestamp</th>
<th>TestName</th>
</tr>
</thead>
<tbody>
<tr class="tag-test-status" status="fail">
<td><span class="badge log fail-bg">Fail</span></td>
<td>20:42:55 pm</td>
<td>
<a href="#" class="linked" test-id='17' id='18'>user is able to open the browser, Navigate to the URL and search for product</a>
<div class="">
<span class="badge badge-default">search feature.user is able to open the browser, Navigate to the URL and search for product</span>
</div>
</td>
</tr>
<tr class="tag-test-status" status="fail">
<td><span class="badge log fail-bg">Fail</span></td>
<td>20:42:57 pm</td>
<td>
<a href="#" class="linked" test-id='17' id='25'>User is able to filter the search based on price</a>
<div class="">
<span class="badge badge-default">search feature.User is able to filter the search based on price</span>
</div>
</td>
</tr>
</tbody>
</table>
</div>
</li>
<li class="test-item">
<div class="test-detail">
<span class="meta">
<span class='badge log badge-danger'>1</span>
</span>
<p class="name">@sighIn</p>
<p class="duration text-sm">1 tests</p>
</div>
<div class="test-contents d-none">
<div class="info">
<h4>@sighIn</h4>
<span status="fail" class='badge log badge-danger'>1 failed</span>
</div>
<table class='table table-sm mt-4'>
<thead>
<tr>
<th class="status-col">Status</th>
<th class="timestamp-col">Timestamp</th>
<th>TestName</th>
</tr>
</thead>
<tbody>
<tr class="tag-test-status" status="fail">
<td><span class="badge log fail-bg">Fail</span></td>
<td>20:42:50 pm</td>
<td>
<a href="#" class="linked" test-id='1' id='2'>sigh in using correct UserId and Password</a>
<div class="">
<span class="badge badge-default">sighIn amazon Account.sigh in using correct UserId and Password</span>
</div>
</td>
</tr>
</tbody>
</table>
</div>
</li>
<li class="test-item">
<div class="test-detail">
<span class="meta">
<span class='badge log badge-danger'>1</span>
</span>
<p class="name">@search2</p>
<p class="duration text-sm">1 tests</p>
</div>
<div class="test-contents d-none">
<div class="info">
<h4>@search2</h4>
<span status="fail" class='badge log badge-danger'>1 failed</span>
</div>
<table class='table table-sm mt-4'>
<thead>
<tr>
<th class="status-col">Status</th>
<th class="timestamp-col">Timestamp</th>
<th>TestName</th>
</tr>
</thead>
<tbody>
<tr class="tag-test-status" status="fail">
<td><span class="badge log fail-bg">Fail</span></td>
<td>20:42:57 pm</td>
<td>
<a href="#" class="linked" test-id='17' id='25'>User is able to filter the search based on price</a>
<div class="">
<span class="badge badge-default">search feature.User is able to filter the search based on price</span>
</div>
</td>
</tr>
</tbody>
</table>
</div>
</li>
<li class="test-item">
<div class="test-detail">
<span class="meta">
<span class='badge log badge-danger'>1</span>
</span>
<p class="name">@e2e</p>
<p class="duration text-sm">1 tests</p>
</div>
<div class="test-contents d-none">
<div class="info">
<h4>@e2e</h4>
<span status="fail" class='badge log badge-danger'>1 failed</span>
</div>
<table class='table table-sm mt-4'>
<thead>
<tr>
<th class="status-col">Status</th>
<th class="timestamp-col">Timestamp</th>
<th>TestName</th>
</tr>
</thead>
<tbody>
<tr class="tag-test-status" status="fail">
<td><span class="badge log fail-bg">Fail</span></td>
<td>20:42:53 pm</td>
<td>
<a href="#" class="linked" test-id='9' id='10'>User is able to order single product with single quantity from the app</a>
<div class="">
<span class="badge badge-default">cart scenario.User is able to order single product with single quantity from the app</span>
</div>
</td>
</tr>
</tbody>
</table>
</div>
</li>
</ul>
</div>
</div>
<div class="test-content scrollable">
<div class="test-content-detail">
<div class="detail-body"></div>
</div>
</div>
</div><div class="test-wrapper row view exception-view attributes-view">
<div class="test-list">
<div class="test-list-tools">
<ul class="tools pull-left"><li><a href=""><span class="font-size-14">Exception</span></a></li></ul>
<ul class="tools text-right"><li><a href="#"><span class="badge badge-primary">2</span></a></li></ul>
</div>
<div class="test-list-wrapper scrollable">
<ul class="test-list-item">
<li class="test-item">
<div class="test-detail">
<span class="meta">
<span class='badge log badge-danger'>1</span>
</span>
<p class="name">org.openqa.selenium.SessionNotCreatedException</p>
<p class="duration text-sm">1 tests</p>
</div>
<div class="test-contents d-none">
<div class="info">
<h4>org.openqa.selenium.SessionNotCreatedException</h4>
<span status="fail" class='badge log badge-danger'>1 failed</span>
</div>
<table class='table table-sm mt-4'>
<thead>
<tr>
<th class="status-col">Status</th>
<th class="timestamp-col">Timestamp</th>
<th>TestName</th>
</tr>
</thead>
<tbody>
<tr class="tag-test-status" status="fail">
<td><span class="badge log fail-bg">Fail</span></td>
<td>20:42:50 pm</td>
<td>
<a href="#" class="linked" test-id='1' id='3'>stepDefs.Hooks.setUp(io.cucumber.java.Scenario)</a>
<div class="">
<span class="badge badge-default">sighIn amazon Account.sigh in using correct UserId and Password.stepDefs.Hooks.setUp(io.cucumber.java.Scenario)</span>
</div>
</td>
</tr>
<tr class="tag-test-status" status="fail">
<td><span class="badge log fail-bg">Fail</span></td>
<td>20:42:53 pm</td>
<td>
<a href="#" class="linked" test-id='9' id='11'>stepDefs.Hooks.setUp(io.cucumber.java.Scenario)</a>
<div class="">
<span class="badge badge-default">cart scenario.User is able to order single product with single quantity from the app.stepDefs.Hooks.setUp(io.cucumber.java.Scenario)</span>
</div>
</td>
</tr>
<tr class="tag-test-status" status="fail">
<td><span class="badge log fail-bg">Fail</span></td>
<td>20:42:55 pm</td>
<td>
<a href="#" class="linked" test-id='17' id='19'>stepDefs.Hooks.setUp(io.cucumber.java.Scenario)</a>
<div class="">
<span class="badge badge-default">search feature.user is able to open the browser, Navigate to the URL and search for product.stepDefs.Hooks.setUp(io.cucumber.java.Scenario)</span>
</div>
</td>
</tr>
<tr class="tag-test-status" status="fail">
<td><span class="badge log fail-bg">Fail</span></td>
<td>20:42:57 pm</td>
<td>
<a href="#" class="linked" test-id='17' id='26'>stepDefs.Hooks.setUp(io.cucumber.java.Scenario)</a>
<div class="">
<span class="badge badge-default">search feature.User is able to filter the search based on price.stepDefs.Hooks.setUp(io.cucumber.java.Scenario)</span>
</div>
</td>
</tr>
</tbody>
</table>
</div>
</li>
<li class="test-item">
<div class="test-detail">
<span class="meta">
<span class='badge log badge-danger'>1</span>
</span>
<p class="name">java.lang.NullPointerException</p>
<p class="duration text-sm">1 tests</p>
</div>
<div class="test-contents d-none">
<div class="info">
<h4>java.lang.NullPointerException</h4>
<span status="fail" class='badge log badge-danger'>1 failed</span>
</div>
<table class='table table-sm mt-4'>
<thead>
<tr>
<th class="status-col">Status</th>
<th class="timestamp-col">Timestamp</th>
<th>TestName</th>
</tr>
</thead>
<tbody>
<tr class="tag-test-status" status="fail">
<td><span class="badge log fail-bg">Fail</span></td>
<td>20:42:53 pm</td>
<td>
<a href="#" class="linked" test-id='1' id='7'>stepDefs.Hooks.takeScreenShot(io.cucumber.java.Scenario)</a>
<div class="">
<span class="badge badge-default">sighIn amazon Account.sigh in using correct UserId and Password.stepDefs.Hooks.takeScreenShot(io.cucumber.java.Scenario)</span>
</div>
</td>
</tr>
<tr class="tag-test-status" status="fail">
<td><span class="badge log fail-bg">Fail</span></td>
<td>20:42:53 pm</td>
<td>
<a href="#" class="linked" test-id='1' id='8'>stepDefs.Hooks.cleanUp(io.cucumber.java.Scenario)</a>
<div class="">
<span class="badge badge-default">sighIn amazon Account.sigh in using correct UserId and Password.stepDefs.Hooks.cleanUp(io.cucumber.java.Scenario)</span>
</div>
</td>
</tr>
<tr class="tag-test-status" status="fail">
<td><span class="badge log fail-bg">Fail</span></td>
<td>20:42:55 pm</td>
<td>
<a href="#" class="linked" test-id='9' id='15'>stepDefs.Hooks.takeScreenShot(io.cucumber.java.Scenario)</a>
<div class="">
<span class="badge badge-default">cart scenario.User is able to order single product with single quantity from the app.stepDefs.Hooks.takeScreenShot(io.cucumber.java.Scenario)</span>
</div>
</td>
</tr>
<tr class="tag-test-status" status="fail">
<td><span class="badge log fail-bg">Fail</span></td>
<td>20:42:55 pm</td>
<td>
<a href="#" class="linked" test-id='9' id='16'>stepDefs.Hooks.cleanUp(io.cucumber.java.Scenario)</a>
<div class="">
<span class="badge badge-default">cart scenario.User is able to order single product with single quantity from the app.stepDefs.Hooks.cleanUp(io.cucumber.java.Scenario)</span>
</div>
</td>
</tr>
<tr class="tag-test-status" status="fail">
<td><span class="badge log fail-bg">Fail</span></td>
<td>20:42:57 pm</td>
<td>
<a href="#" class="linked" test-id='17' id='23'>stepDefs.Hooks.takeScreenShot(io.cucumber.java.Scenario)</a>
<div class="">
<span class="badge badge-default">search feature.user is able to open the browser, Navigate to the URL and search for product.stepDefs.Hooks.takeScreenShot(io.cucumber.java.Scenario)</span>
</div>
</td>
</tr>
<tr class="tag-test-status" status="fail">
<td><span class="badge log fail-bg">Fail</span></td>
<td>20:42:57 pm</td>
<td>
<a href="#" class="linked" test-id='17' id='24'>stepDefs.Hooks.cleanUp(io.cucumber.java.Scenario)</a>
<div class="">
<span class="badge badge-default">search feature.user is able to open the browser, Navigate to the URL and search for product.stepDefs.Hooks.cleanUp(io.cucumber.java.Scenario)</span>
</div>
</td>
</tr>
<tr class="tag-test-status" status="fail">
<td><span class="badge log fail-bg">Fail</span></td>
<td>20:42:59 pm</td>
<td>
<a href="#" class="linked" test-id='17' id='31'>stepDefs.Hooks.takeScreenShot(io.cucumber.java.Scenario)</a>
<div class="">
<span class="badge badge-default">search feature.User is able to filter the search based on price.stepDefs.Hooks.takeScreenShot(io.cucumber.java.Scenario)</span>
</div>
</td>
</tr>
<tr class="tag-test-status" status="fail">
<td><span class="badge log fail-bg">Fail</span></td>
<td>20:42:59 pm</td>
<td>
<a href="#" class="linked" test-id='17' id='32'>stepDefs.Hooks.cleanUp(io.cucumber.java.Scenario)</a>
<div class="">
<span class="badge badge-default">search feature.User is able to filter the search based on price.stepDefs.Hooks.cleanUp(io.cucumber.java.Scenario)</span>
</div>
</td>
</tr>
</tbody>
</table>
</div>
</li>
</ul>
</div>
</div>
<div class="test-content scrollable">
<div class="test-content-detail">
<div class="detail-body"></div>
</div>
</div>
</div>        </div>
      </div>
    </div>
  </div>
<script src="https://cdn.jsdelivr.net/gh/extent-framework/extent-github-cdn@14e9bb345ef7e2ed3a102f271d84e9f0267c88e7/spark/js/spark-script.js"></script>
<script type="text/javascript"></script></body>
</html>